0 info it worked if it ends with ok
1 verbose cli [ '/home/codio/.nvm/v0.10.25/bin/node',
1 verbose cli   '/home/codio/.nvm/v0.10.25/bin/npm',
1 verbose cli   'install',
1 verbose cli   '-',
1 verbose cli   'grunt-cli' ]
2 info using npm@1.3.24
3 info using node@v0.10.25
4 verbose cache add [ '-', null ]
5 verbose cache add name=undefined spec="-" args=["-",null]
6 verbose parsed url { protocol: null,
6 verbose parsed url   slashes: null,
6 verbose parsed url   auth: null,
6 verbose parsed url   host: null,
6 verbose parsed url   port: null,
6 verbose parsed url   hostname: null,
6 verbose parsed url   hash: null,
6 verbose parsed url   search: null,
6 verbose parsed url   query: null,
6 verbose parsed url   pathname: '-',
6 verbose parsed url   path: '-',
6 verbose parsed url   href: '-' }
7 verbose cache add [ 'grunt-cli', null ]
8 verbose cache add name=undefined spec="grunt-cli" args=["grunt-cli",null]
9 verbose parsed url { protocol: null,
9 verbose parsed url   slashes: null,
9 verbose parsed url   auth: null,
9 verbose parsed url   host: null,
9 verbose parsed url   port: null,
9 verbose parsed url   hostname: null,
9 verbose parsed url   hash: null,
9 verbose parsed url   search: null,
9 verbose parsed url   query: null,
9 verbose parsed url   pathname: 'grunt-cli',
9 verbose parsed url   path: 'grunt-cli',
9 verbose parsed url   href: 'grunt-cli' }
10 silly lockFile 671ef8ac-grunt-cli grunt-cli
11 verbose lock grunt-cli /home/codio/.npm/671ef8ac-grunt-cli.lock
12 silly lockFile 3bc15c8a- -
13 verbose lock - /home/codio/.npm/3bc15c8a-.lock
14 silly lockFile 671ef8ac-grunt-cli grunt-cli
15 silly lockFile 671ef8ac-grunt-cli grunt-cli
16 silly lockFile 3bc15c8a- -
17 silly lockFile 3bc15c8a- -
18 verbose addNamed [ 'grunt-cli', '' ]
19 verbose addNamed [ null, '*' ]
20 silly lockFile d63f3d0b-grunt-cli grunt-cli@
21 verbose lock grunt-cli@ /home/codio/.npm/d63f3d0b-grunt-cli.lock
22 verbose addNamed [ '-', '' ]
23 verbose addNamed [ null, '*' ]
24 silly lockFile c75fe0d4- -@
25 verbose lock -@ /home/codio/.npm/c75fe0d4-.lock
26 silly addNameRange { name: 'grunt-cli', range: '*', hasData: false }
27 verbose url raw grunt-cli
28 verbose url resolving [ 'https://registry.npmjs.org/', './grunt-cli' ]
29 verbose url resolved https://registry.npmjs.org/grunt-cli
30 info trying registry request attempt 1 at 10:31:44
31 http GET https://registry.npmjs.org/grunt-cli
32 silly addNameRange { name: '-', range: '*', hasData: false }
33 verbose url raw -
34 verbose url resolving [ 'https://registry.npmjs.org/', './-' ]
35 verbose url resolved https://registry.npmjs.org/-
36 info trying registry request attempt 1 at 10:31:44
37 http GET https://registry.npmjs.org/-
38 http 404 https://registry.npmjs.org/-
39 silly registry.get cb [ 404,
39 silly registry.get   { date: 'Fri, 28 Feb 2014 10:31:44 GMT',
39 silly registry.get     server: 'CouchDB/1.5.0 (Erlang OTP/R16B)',
39 silly registry.get     'content-type': 'application/json',
39 silly registry.get     via: '1.1 varnish',
39 silly registry.get     'cache-control': 'max-age=0',
39 silly registry.get     'content-length': '52',
39 silly registry.get     'accept-ranges': 'bytes',
39 silly registry.get     age: '0',
39 silly registry.get     'x-served-by': 'cache-v43-ASH, cache-jfk1021-JFK',
39 silly registry.get     'x-cache': 'MISS, MISS',
39 silly registry.get     'x-cache-hits': '0, 0',
39 silly registry.get     'x-timer': 'S1393583504.945853949,VS0,VS-16,VE4,VE27',
39 silly registry.get     'keep-alive': 'timeout=10, max=50',
39 silly registry.get     connection: 'Keep-Alive' } ]
40 silly lockFile c75fe0d4- -@
41 silly lockFile c75fe0d4- -@
42 http 200 https://registry.npmjs.org/grunt-cli
43 silly registry.get cb [ 200,
43 silly registry.get   { date: 'Fri, 28 Feb 2014 10:31:44 GMT',
43 silly registry.get     server: 'CouchDB/1.5.0 (Erlang OTP/R16B)',
43 silly registry.get     etag: '"7C7RUWGCG9O4QSN75AHYWBGZP"',
43 silly registry.get     'content-type': 'application/json',
43 silly registry.get     via: '1.1 varnish',
43 silly registry.get     'cache-control': 'max-age=1',
43 silly registry.get     'content-length': '19448',
43 silly registry.get     'accept-ranges': 'bytes',
43 silly registry.get     age: '346',
43 silly registry.get     'x-served-by': 'cache-v42-ASH, cache-jfk1035-JFK',
43 silly registry.get     'x-cache': 'HIT, HIT',
43 silly registry.get     'x-cache-hits': '1, 1',
43 silly registry.get     'x-timer': 'S1393556688.016653061,VS0,VS-212,VE-200,VE26816953',
43 silly registry.get     vary: 'Accept',
43 silly registry.get     'keep-alive': 'timeout=10, max=50',
43 silly registry.get     connection: 'Keep-Alive' } ]
44 error Error: not_found document not found: -
44 error     at RegClient.<anonymous> (/home/codio/.nvm/v0.10.25/lib/node_modules/npm/node_modules/npm-registry-client/lib/request.js:275:14)
44 error     at Request.self.callback (/home/codio/.nvm/v0.10.25/lib/node_modules/npm/node_modules/request/request.js:123:22)
44 error     at Request.EventEmitter.emit (events.js:98:17)
44 error     at Request.<anonymous> (/home/codio/.nvm/v0.10.25/lib/node_modules/npm/node_modules/request/request.js:893:14)
44 error     at Request.EventEmitter.emit (events.js:117:20)
44 error     at IncomingMessage.<anonymous> (/home/codio/.nvm/v0.10.25/lib/node_modules/npm/node_modules/request/request.js:844:12)
44 error     at IncomingMessage.EventEmitter.emit (events.js:117:20)
44 error     at _stream_readable.js:920:16
44 error     at process._tickCallback (node.js:415:13)
45 error If you need help, you may report this *entire* log,
45 error including the npm and node versions, at:
45 error     <http://github.com/isaacs/npm/issues>
46 error System Linux 3.11.0-12-generic
47 error command "/home/codio/.nvm/v0.10.25/bin/node" "/home/codio/.nvm/v0.10.25/bin/npm" "install" "-" "grunt-cli"
48 error cwd /home/codio/workspace
49 error node -v v0.10.25
50 error npm -v 1.3.24
51 verbose exit [ 1, true ]
